<?xml version="1.0" encoding="UTF-8"?>
<testsuite name="LoginValidate"
           tests="2"
           failures="0"
           errors="0"
           skipped="0"
           time="2.028">
    <properties></properties>



            <testcase
                name="testInputValidation"
                time="0.672"
                classname="TTCHC8165.Login.ValidateLogin">
            </testcase>
            <testcase
                name="testValidInputAndLogin"
                time="1.356"
                classname="TTCHC8165.Login.ValidateLogin">
            </testcase>
</testsuite>
