<?xml version="1.0" encoding="UTF-8"?>
<testng-results ignored="0" total="2" passed="2" failed="0" skipped="0">
  <reporter-output>
  </reporter-output>
  <suite started-at="2024-11-05T14:23:25 GMT+07:00" name="MyTestSuite" finished-at="2024-11-05T14:23:46 GMT+07:00" duration-ms="21235">
    <groups>
    </groups>
    <test started-at="2024-11-05T14:23:25 GMT+07:00" name="LoginValidate" finished-at="2024-11-05T14:23:46 GMT+07:00" duration-ms="21235">
      <class name="TTCHC8165.Login.ValidateLogin">
        <test-method is-config="true" signature="setUp()[pri:0, instance:TTCHC8165.Login.ValidateLogin@15ff3e9e]" started-at="2024-11-05T14:23:26 GMT+07:00" name="setUp" finished-at="2024-11-05T14:23:38 GMT+07:00" duration-ms="12601" status="PASS">
          <reporter-output>
          </reporter-output>
        </test-method> <!-- setUp -->
        <test-method signature="testInputValidation()[pri:0, instance:TTCHC8165.Login.ValidateLogin@15ff3e9e]" started-at="2024-11-05T14:23:38 GMT+07:00" name="testInputValidation" finished-at="2024-11-05T14:23:39 GMT+07:00" duration-ms="672" status="PASS">
          <reporter-output>
          </reporter-output>
        </test-method> <!-- testInputValidation -->
        <test-method is-config="true" signature="tearDown()[pri:0, instance:TTCHC8165.Login.ValidateLogin@15ff3e9e]" started-at="2024-11-05T14:23:39 GMT+07:00" name="tearDown" finished-at="2024-11-05T14:23:39 GMT+07:00" duration-ms="325" status="PASS">
          <reporter-output>
          </reporter-output>
        </test-method> <!-- tearDown -->
        <test-method is-config="true" signature="setUp()[pri:0, instance:TTCHC8165.Login.ValidateLogin@15ff3e9e]" started-at="2024-11-05T14:23:39 GMT+07:00" name="setUp" finished-at="2024-11-05T14:23:44 GMT+07:00" duration-ms="5179" status="PASS">
          <reporter-output>
          </reporter-output>
        </test-method> <!-- setUp -->
        <test-method signature="testValidInputAndLogin()[pri:0, instance:TTCHC8165.Login.ValidateLogin@15ff3e9e]" started-at="2024-11-05T14:23:44 GMT+07:00" name="testValidInputAndLogin" finished-at="2024-11-05T14:23:46 GMT+07:00" duration-ms="1356" status="PASS">
          <reporter-output>
          </reporter-output>
        </test-method> <!-- testValidInputAndLogin -->
        <test-method is-config="true" signature="tearDown()[pri:0, instance:TTCHC8165.Login.ValidateLogin@15ff3e9e]" started-at="2024-11-05T14:23:46 GMT+07:00" name="tearDown" finished-at="2024-11-05T14:23:46 GMT+07:00" duration-ms="591" status="PASS">
          <reporter-output>
          </reporter-output>
        </test-method> <!-- tearDown -->
      </class> <!-- TTCHC8165.Login.ValidateLogin -->
    </test> <!-- LoginValidate -->
  </suite> <!-- MyTestSuite -->
</testng-results>
